<?xml version="1.0" encoding="UTF-8"?>
<!-- Generated by org.testng.reporters.JUnitReportReporter -->
<testsuite hostname="LAPTOP-3AS9KC87" failures="0" tests="1" name="com.patInformed.api.tests.SearchAPITest" time="4.383" errors="0" timestamp="2025-01-14T20:31:54 IST" skipped="0">
  <testcase classname="com.patInformed.api.tests.SearchAPITest" name="searchTest" time="4.383"/>
</testsuite> <!-- com.patInformed.api.tests.SearchAPITest -->
